<?xml version="1.0" encoding="utf-8"?><testsuites><testsuite name="pytest" errors="0" failures="0" skipped="0" tests="3" time="98.587" timestamp="2024-05-12T12:46:33.589599" hostname="DESKTOP-VLSB7RS"><testcase classname="test_HomePage.TestHomePage" name="test_formsubmission[getData0]" time="64.186" /><testcase classname="test_HomePage.TestHomePage" name="test_formsubmission[getData1]" time="3.210" /><testcase classname="test_e2e.TestOne" name="test_e2e" time="30.229" /></testsuite></testsuites>